<component name="libraryTable">
  <library name="junit-4.11">
    <CLASSES>
      <root url="jar:///opt/gradle-1.6/lib/plugins/junit-4.11.jar!/" />
    </CLASSES>
    <JAVADOC />
    <SOURCES />
  </library>
</component>