<component name="libraryTable">
  <library name="junit-4.11.jar-junit-4.11">
    <CLASSES>
      <root url="jar://$USER_HOME$/.gradle/wrapper/dists/gradle-1.8-20130730220035+0000-bin/661k9u67ua326mbt26n82qkoji/gradle-1.8-20130730220035+0000/lib/plugins/junit-4.11.jar!/" />
    </CLASSES>
    <JAVADOC />
    <SOURCES />
  </library>
</component>